########### array before sorts ###########
0	8.890000	24.130000	47.930000	24.130000	n
1	47.930000	24.130000	47.930000	77.460000	n
2	47.930000	77.460000	8.890000	77.460000	n
3	8.890000	77.460000	8.890000	24.130000	n
Tolerance=0.050000.
*Exact match for i=0 and j=1.
*i point 8.890000	24.130000	47.930000	24.130000	y
*Exact match for i=1 and j=2.
*i point 47.930000	24.130000	47.930000	77.460000	y
*Exact match for i=2 and j=3.
*i point 47.930000	77.460000	8.890000	77.460000	y
########### array after sorts ###########
0	8.890000	24.130000	47.930000	24.130000	y
1	47.930000	24.130000	47.930000	77.460000	y
2	47.930000	77.460000	8.890000	77.460000	y
3	8.890000	77.460000	8.890000	24.130000	y
***************
.BOARD_OUTLINE UNOWNED
1.6
0     8.890000     24.130000     0
0     47.930000     24.130000     0
0     47.930000     77.460000     0
0     8.890000     77.460000     0
0     8.890000     24.130000     0
